


ARM Macro Assembler    Page 1 


    1 00000000         ;/******************************************************
                       ********************//**
    2 00000000         ; * @file     startup_LPC17xx.s
    3 00000000         ; * @brief    CMSIS Cortex-M3 Core Device Startup File f
                       or
    4 00000000         ; *           NXP LPC17xx Device Series
    5 00000000         ; * @version  V1.10
    6 00000000         ; * @date     06. April 2011
    7 00000000         ; *
    8 00000000         ; * @note
    9 00000000         ; * Copyright (C) 2009-2011 ARM Limited. All rights rese
                       rved.
   10 00000000         ; *
   11 00000000         ; * @par
   12 00000000         ; * ARM Limited (ARM) is supplying this software for use
                        with Cortex-M
   13 00000000         ; * processor based microcontrollers.  This file can be 
                       freely distributed
   14 00000000         ; * within development tools that are supporting such AR
                       M based processors.
   15 00000000         ; *
   16 00000000         ; * @par
   17 00000000         ; * THIS SOFTWARE IS PROVIDED "AS IS".  NO WARRANTIES, W
                       HETHER EXPRESS, IMPLIED
   18 00000000         ; * OR STATUTORY, INCLUDING, BUT NOT LIMITED TO, IMPLIED
                        WARRANTIES OF
   19 00000000         ; * MERCHANTABILITY AND FITNESS FOR A PARTICULAR PURPOSE
                        APPLY TO THIS SOFTWARE.
   20 00000000         ; * ARM SHALL NOT, IN ANY CIRCUMSTANCES, BE LIABLE FOR S
                       PECIAL, INCIDENTAL, OR
   21 00000000         ; * CONSEQUENTIAL DAMAGES, FOR ANY REASON WHATSOEVER.
   22 00000000         ; *
   23 00000000         ; ******************************************************
                       ************************/
   24 00000000         
   25 00000000         ; *------- <<< Use Configuration Wizard in Context Menu 
                       >>> ------------------
   26 00000000         
   27 00000000         ; <h> Stack Configuration
   28 00000000         ;   <o> Stack Size (in Bytes) <0x0-0xFFFFFFFF:8>
   29 00000000         ; </h>
   30 00000000         
   31 00000000 00000200 
                       Stack_Size
                               EQU              0x00000200
   32 00000000         
   33 00000000                 AREA             STACK, NOINIT, READWRITE, ALIGN
=3
   34 00000000         Stack_Mem
                               SPACE            Stack_Size
   35 00000200         __initial_sp
   36 00000200         
   37 00000200         
   38 00000200         ; <h> Heap Configuration
   39 00000200         ;   <o>  Heap Size (in Bytes) <0x0-0xFFFFFFFF:8>
   40 00000200         ; </h>
   41 00000200         
   42 00000200 00000000 
                       Heap_Size



ARM Macro Assembler    Page 2 


                               EQU              0x00000000
   43 00000200         
   44 00000200                 AREA             HEAP, NOINIT, READWRITE, ALIGN=
3
   45 00000000         __heap_base
   46 00000000         Heap_Mem
                               SPACE            Heap_Size
   47 00000000         __heap_limit
   48 00000000         
   49 00000000         
   50 00000000                 PRESERVE8
   51 00000000                 THUMB
   52 00000000         
   53 00000000         
   54 00000000         ; Vector Table Mapped to Address 0 at Reset
   55 00000000         
   56 00000000                 AREA             RESET, DATA, READONLY
   57 00000000                 EXPORT           __Vectors
   58 00000000         
   59 00000000 00000000 
                       __Vectors
                               DCD              __initial_sp ; Top of Stack
   60 00000004 00000000        DCD              Reset_Handler ; Reset Handler
   61 00000008 00000000        DCD              NMI_Handler ; NMI Handler
   62 0000000C 00000000        DCD              HardFault_Handler ; Hard Fault 
                                                            Handler
   63 00000010 00000000        DCD              MemManage_Handler 
                                                            ; MPU Fault Handler
                                                            
   64 00000014 00000000        DCD              BusFault_Handler 
                                                            ; Bus Fault Handler
                                                            
   65 00000018 00000000        DCD              UsageFault_Handler ; Usage Faul
                                                            t Handler
   66 0000001C 00000000        DCD              0           ; Reserved
   67 00000020 00000000        DCD              0           ; Reserved
   68 00000024 00000000        DCD              0           ; Reserved
   69 00000028 00000000        DCD              0           ; Reserved
   70 0000002C 00000000        DCD              SVC_Handler ; SVCall Handler
   71 00000030 00000000        DCD              DebugMon_Handler ; Debug Monito
                                                            r Handler
   72 00000034 00000000        DCD              0           ; Reserved
   73 00000038 00000000        DCD              PendSV_Handler ; PendSV Handler
                                                            
   74 0000003C 00000000        DCD              SysTick_Handler 
                                                            ; SysTick Handler
   75 00000040         
   76 00000040         ; External Interrupts
   77 00000040 00000000        DCD              WDT_IRQHandler ; 16: Watchdog T
                                                            imer
   78 00000044 00000000        DCD              TIMER0_IRQHandler ; 17: Timer0
   79 00000048 00000000        DCD              TIMER1_IRQHandler ; 18: Timer1
   80 0000004C 00000000        DCD              TIMER2_IRQHandler ; 19: Timer2
   81 00000050 00000000        DCD              TIMER3_IRQHandler ; 20: Timer3
   82 00000054 00000000        DCD              UART0_IRQHandler ; 21: UART0
   83 00000058 00000000        DCD              UART1_IRQHandler ; 22: UART1
   84 0000005C 00000000        DCD              UART2_IRQHandler ; 23: UART2
   85 00000060 00000000        DCD              UART3_IRQHandler ; 24: UART3
   86 00000064 00000000        DCD              PWM1_IRQHandler ; 25: PWM1



ARM Macro Assembler    Page 3 


   87 00000068 00000000        DCD              I2C0_IRQHandler ; 26: I2C0
   88 0000006C 00000000        DCD              I2C1_IRQHandler ; 27: I2C1
   89 00000070 00000000        DCD              I2C2_IRQHandler ; 28: I2C2
   90 00000074 00000000        DCD              SPI_IRQHandler ; 29: SPI
   91 00000078 00000000        DCD              SSP0_IRQHandler ; 30: SSP0
   92 0000007C 00000000        DCD              SSP1_IRQHandler ; 31: SSP1
   93 00000080 00000000        DCD              PLL0_IRQHandler ; 32: PLL0 Lock
                                                             (Main PLL)
   94 00000084 00000000        DCD              RTC_IRQHandler ; 33: Real Time 
                                                            Clock
   95 00000088 00000000        DCD              EINT0_IRQHandler ; 34: External
                                                             Interrupt 0
   96 0000008C 00000000        DCD              EINT1_IRQHandler ; 35: External
                                                             Interrupt 1
   97 00000090 00000000        DCD              EINT2_IRQHandler ; 36: External
                                                             Interrupt 2
   98 00000094 00000000        DCD              EINT3_IRQHandler ; 37: External
                                                             Interrupt 3
   99 00000098 00000000        DCD              ADC_IRQHandler 
                                                            ; 38: A/D Converter
                                                            
  100 0000009C 00000000        DCD              BOD_IRQHandler ; 39: Brown-Out 
                                                            Detect
  101 000000A0 00000000        DCD              USB_IRQHandler ; 40: USB
  102 000000A4 00000000        DCD              CAN_IRQHandler ; 41: CAN
  103 000000A8 00000000        DCD              DMA_IRQHandler ; 42: General Pu
                                                            rpose DMA
  104 000000AC 00000000        DCD              I2S_IRQHandler ; 43: I2S
  105 000000B0 00000000        DCD              ENET_IRQHandler ; 44: Ethernet
  106 000000B4 00000000        DCD              RIT_IRQHandler ; 45: Repetitive
                                                             Interrupt Timer
  107 000000B8 00000000        DCD              MCPWM_IRQHandler ; 46: Motor Co
                                                            ntrol PWM
  108 000000BC 00000000        DCD              QEI_IRQHandler ; 47: Quadrature
                                                             Encoder Interface
  109 000000C0 00000000        DCD              PLL1_IRQHandler ; 48: PLL1 Lock
                                                             (USB PLL)
  110 000000C4 00000000        DCD              USBActivity_IRQHandler ; 49: US
                                                            B Activity interrup
                                                            t to wakeup
  111 000000C8 00000000        DCD              CANActivity_IRQHandler ; 50: CA
                                                            N Activity interrup
                                                            t to wakeup
  112 000000CC         
  113 000000CC         
  114 000000CC                 IF               :LNOT::DEF:NO_CRP
  115 000000CC                 AREA             |.ARM.__at_0x02FC|, CODE, READO
NLY
  116 00000000 FFFFFFFF 
                       CRP_Key DCD              0xFFFFFFFF
  117 00000004                 ENDIF
  118 00000004         
  119 00000004                 AREA             ROM, DATA, READONLY
  120 00000000 00000001 
              00000019 
              00000002 
              00000028 
              00000003 
              00000037 



ARM Macro Assembler    Page 4 


              00000004 
              00000041 
              00000005 
              00000050 
              00000006 
              0000006E Sector_prices
                               DCD              0x01, 25, 0x02, 40, 0x03, 55, 0
x04, 65, 0x05, 80, 0x06, 110
  121 00000030 00000002 
              000000FA 
              00000005 
              000000FA 
              00000003 
              00000226 
              00000001 
              00000096 
              00000004 
              00000064 
              00000006 
              000000C8 Sector_quantity
                               DCD              0x02, 250, 0x05, 250, 0x03, 550
, 0x01, 150, 0x04, 100, 0x06, 200
  122 00000060 06      Num_sectors
                               DCB              6
  123 00000061 00 00 00 
              00000005 
              00000002 
              00000003 
              0000000A 
              00000001 
              00000078 Tickets DCD              0x05, 2, 0x03, 10, 0x01, 120
  124 0000007C 00000003 
                       Ticket_requests
                               DCD              3
  125 00000080                 AREA             RAM, DATA, READWRITE
  126 00000000 00 00 00 
              00 00 00 
              00 00 00 
              00 00 00 
              00 00 00 
              00 00 00 
              00 00 00 
              00 00 00 
              00 00 00 
              00 00 00 
              00 00 00 
              00 00 00 
              00 00 00 
              00 00 00 
              00 00 00 
              00 00 00 updated_quantity
                               SPACE            4*12
  127 00000030 00 00 00 
              00       total_tickets
                               SPACE            4
  128 00000034         
  129 00000034                 AREA             |.text|, CODE, READONLY
  130 00000000         ; Reset Handler
  131 00000000         Reset_Handler



ARM Macro Assembler    Page 5 


                               PROC
  132 00000000                 EXPORT           Reset_Handler             [WEAK
]
  133 00000000 4839            LDR              R0, =Reset_Handler
  134 00000002         
  135 00000002         ; your code here
  136 00000002 483A            LDR              r0, =Sector_prices
  137 00000004 4A3A            LDR              r2, =Tickets
  138 00000006 4B3B            LDR              r3, =total_tickets
  139 00000008 4C3B            LDR              r4, =Num_sectors ; tot i
  140 0000000A F8D4 A000       ldr              r10, [r4]
  141 0000000E F04F 0B04       mov              r11, #4
  142 00000012 FB0A F40B       mul              r4, r10, r11
  143 00000016 4D39            LDR              r5, =Ticket_requests ; tot j
  144 00000018 F8D5 A000       ldr              r10, [r5]
  145 0000001C FB0A F50B       mul              r5, r10, r11
  146 00000020 F04F 0600       MOV              r6, #0      ;i su tickets
  147 00000024 F8DF A0D8       LDR              r10, =updated_quantity
  148 00000028         
  149 00000028 4690            mov              r8, r2      ; TICKET
  150 0000002A         forTickets
  151 0000002A 4936            LDR              r1, =Sector_quantity
  152 0000002C F04F 0700       MOV              r7, #0      ;j su sector_quanti
                                                            ty, sector_prices e
                                                             updated_quantity
  153 00000030 4689            mov              r9, r1      ; QUANTITY
  154 00000032         forSectorQuantity
  155 00000032 45C8            cmp              r8, r9      ; r8 e r9 sono gli 
                                                            id del settore corr
                                                            ente nei vettori
  156 00000034 D13C            bne              nextSectorQuantity
  157 00000036 F106 0604       add              r6, r6, #4  ; INDICE SU TICKET
  158 0000003A F107 0704       add              r7, r7, #4  ; INDICE SU QUANTIT
                                                            Y
  159 0000003E F8CA 8000       str              r8, [r10]   ; SECTOR ID SALVATO
                                                             IN UPDATED QUANTIT
                                                            Y
  160 00000042 F851 8007       ldr              r8, [r1, r7] ; QUANTITY indiriz
                                                            zo della cella di m
                                                            emoria successiva a
                                                            ll'id del settore
  161 00000046 F852 9006       ldr              r9, [r2, r6] ; NUM REQUESTED SU
                                                             TICKET
  162 0000004A F1A6 0604       sub              r6, r6, #4
  163 0000004E 45C8            cmp              r8, r9
  164 00000050 DB27            blt              notAvailable
  165 00000052 EBA8 0809       sub              r8, r8, r9
  166 00000056 F84A 8F04       str              r8, [r10, #4]! ; MEMORIZZO QUAN
                                                            TITY AGGIORNATO
  167 0000005A F10A 0A04       add              r10, r10, #4
  168 0000005E         
  169 0000005E         ; FIN QUI OK e posso liberare sector_quantity, j e secto
                       r_quantity[j] che poi riinizializzo: r1, r7, r8
  170 0000005E F1A6 0604       sub              r6, r6, #4  ; sottraggo per pre
                                                            ndere l'id del sett
                                                            ore
  171 00000062 5991            ldr              r1, [r2, r6] ; carico il sector
                                                             id richiesto
  172 00000064 F106 0604       add              r6, r6, #4  ; sommo per tornare



ARM Macro Assembler    Page 6 


                                                             alla quantity rich
                                                            iesta
  173 00000068 F04F 0700       mov              r7, #0      ; k su sector_price
                                                            s
  174 0000006C         forSectorPrices
  175 0000006C F850 8007       ldr              r8, [r0, r7] ; carico il sector
                                                             id k-esimo del vet
                                                            tore prices per tro
                                                            vare quello uguale 
                                                            a quello richiesto
  176 00000070 4541            cmp              r1, r8
  177 00000072 D111            bne              nextSectorPrice
  178 00000074         ; posso liberare sector_prices[k] e tickets[i-4] perché 
                       contengono l'id del settore già confrontato: r1, r8
  179 00000074 F106 0604       add              r6, r6, #4
  180 00000078 5991            ldr              r1, [r2, r6] ; numero di biglie
                                                            tti richiesti
  181 0000007A F1A6 0604       sub              r6, r6, #4  ; tolgo 4 di nuovo 
                                                            perché l'aggiorname
                                                            nto della posizione
                                                             nel vettore è fatt
                                                            o da nextTicket fac
                                                            endo +8
  182 0000007E F107 0704       add              r7, r7,#4
  183 00000082 F850 8007       ldr              r8, [r0, r7] 
                                                            ; price del settore
                                                            
  184 00000086 F1A7 0704       sub              r7, r7, #4  ; tolgo 4 di nuovo 
                                                            perché l'aggiorname
                                                            nto della posizione
                                                             nel vettore è fatt
                                                            o da nextSectorPric
                                                            es facendo +8
  185 0000008A 290A            cmp              r1, #10
  186 0000008C FB08 F801       mul              r8, r8, r1  ; price*num bigliet
                                                            ti richiesti
  187 00000090 BFC8 EA4F 
              0858             lsrgt            r8, r8, #1  ; se è maggiore di 
                                                            10 faccio lo sconto
                                                             (divido per due)
  188 00000096 4443            add              r3, r3, r8  ; aggiorno total_ti
                                                            ckets che salverò n
                                                            ella RAM solo dopo 
                                                            aver analizzato tut
                                                            ti i ticket richies
                                                            ti
  189 00000098         
  190 00000098         nextSectorPrice
  191 00000098 F107 0708       add              r7, r7, #8
  192 0000009C 42A7            cmp              r7, r4
  193 0000009E D1E5            bne              forSectorPrices
  194 000000A0 D00D            beq              nextTicket  ; non succede ma se
                                                             succede next ticke
                                                            t
  195 000000A2         
  196 000000A2         notAvailable
  197 000000A2 F04F 0B01       mov              r11, #0x01
  198 000000A6 F84A 1F04       str              r1, [r10, #4]! ; SALVO LA QUANT
                                                            ITY ORIGINALE PERCH



ARM Macro Assembler    Page 7 


                                                            E NON CI SONO POSTI
                                                            
  199 000000AA F10A 0A04       add              r10, r10, #4
  200 000000AE E006            b                nextTicket
  201 000000B0         
  202 000000B0         nextSectorQuantity
  203 000000B0 F107 0708       add              r7, r7, #8
  204 000000B4 F851 9007       ldr              r9, [r1, r7] ; in r1 c'è la sec
                                                            tor quantity
  205 000000B8 42A7            cmp              r7, r4
  206 000000BA D1BA            bne              forSectorQuantity
  207 000000BC D0FF            beq              nextTicket  ; se non trovo il s
                                                            ettore desiderato n
                                                            on faccio nulla e v
                                                            ado al prossimo tic
                                                            ket
  208 000000BE         
  209 000000BE         nextTicket
  210 000000BE F106 0608       add              r6, r6, #8  ; aggiungo 8 per an
                                                            dare al prossimo se
                                                            ttore richiesto, co
                                                            nsiderando che ho t
                                                            olto 4 dopo aver pr
                                                            eso la quantity ric
                                                            hiesta
  211 000000C2 F852 8006       ldr              r8, [r2, r6]
  212 000000C6 F04F 0700       mov              r7, #0
  213 000000CA 42AE            cmp              r6, r5
  214 000000CC D1AD            bne              forTickets
  215 000000CE         
  216 000000CE 4809            ldr              r0, =total_tickets
  217 000000D0 6003            str              r3, [r0]
  218 000000D2         
  219 000000D2 4700            BX               R0
  220 000000D4                 ENDP
  221 000000D4         
  222 000000D4         
  223 000000D4         
  224 000000D4         ; Dummy Exception Handlers (infinite loops which can be 
                       modified)
  225 000000D4         
  226 000000D4         NMI_Handler
                               PROC
  227 000000D4                 EXPORT           NMI_Handler               [WEAK
]
  228 000000D4 E7FE            B                .
  229 000000D6                 ENDP
  231 000000D6         HardFault_Handler
                               PROC
  232 000000D6                 EXPORT           HardFault_Handler         [WEAK
]
  233 000000D6 E7FE            B                .
  234 000000D8                 ENDP
  236 000000D8         MemManage_Handler
                               PROC
  237 000000D8                 EXPORT           MemManage_Handler         [WEAK
]
  238 000000D8 E7FE            B                .
  239 000000DA                 ENDP



ARM Macro Assembler    Page 8 


  241 000000DA         BusFault_Handler
                               PROC
  242 000000DA                 EXPORT           BusFault_Handler          [WEAK
]
  243 000000DA E7FE            B                .
  244 000000DC                 ENDP
  246 000000DC         UsageFault_Handler
                               PROC
  247 000000DC                 EXPORT           UsageFault_Handler        [WEAK
]
  248 000000DC E7FE            B                .
  249 000000DE                 ENDP
  250 000000DE         SVC_Handler
                               PROC
  251 000000DE                 EXPORT           SVC_Handler               [WEAK
]
  252 000000DE E7FE            B                .
  253 000000E0                 ENDP
  255 000000E0         DebugMon_Handler
                               PROC
  256 000000E0                 EXPORT           DebugMon_Handler          [WEAK
]
  257 000000E0 E7FE            B                .
  258 000000E2                 ENDP
  259 000000E2         PendSV_Handler
                               PROC
  260 000000E2                 EXPORT           PendSV_Handler            [WEAK
]
  261 000000E2 E7FE            B                .
  262 000000E4                 ENDP
  263 000000E4         SysTick_Handler
                               PROC
  264 000000E4                 EXPORT           SysTick_Handler           [WEAK
]
  265 000000E4 E7FE            B                .
  266 000000E6                 ENDP
  267 000000E6         
  268 000000E6         Default_Handler
                               PROC
  269 000000E6         
  270 000000E6                 EXPORT           WDT_IRQHandler            [WEAK
]
  271 000000E6                 EXPORT           TIMER0_IRQHandler         [WEAK
]
  272 000000E6                 EXPORT           TIMER1_IRQHandler         [WEAK
]
  273 000000E6                 EXPORT           TIMER2_IRQHandler         [WEAK
]
  274 000000E6                 EXPORT           TIMER3_IRQHandler         [WEAK
]
  275 000000E6                 EXPORT           UART0_IRQHandler          [WEAK
]
  276 000000E6                 EXPORT           UART1_IRQHandler          [WEAK
]
  277 000000E6                 EXPORT           UART2_IRQHandler          [WEAK
]
  278 000000E6                 EXPORT           UART3_IRQHandler          [WEAK
]
  279 000000E6                 EXPORT           PWM1_IRQHandler           [WEAK



ARM Macro Assembler    Page 9 


]
  280 000000E6                 EXPORT           I2C0_IRQHandler           [WEAK
]
  281 000000E6                 EXPORT           I2C1_IRQHandler           [WEAK
]
  282 000000E6                 EXPORT           I2C2_IRQHandler           [WEAK
]
  283 000000E6                 EXPORT           SPI_IRQHandler            [WEAK
]
  284 000000E6                 EXPORT           SSP0_IRQHandler           [WEAK
]
  285 000000E6                 EXPORT           SSP1_IRQHandler           [WEAK
]
  286 000000E6                 EXPORT           PLL0_IRQHandler           [WEAK
]
  287 000000E6                 EXPORT           RTC_IRQHandler            [WEAK
]
  288 000000E6                 EXPORT           EINT0_IRQHandler          [WEAK
]
  289 000000E6                 EXPORT           EINT1_IRQHandler          [WEAK
]
  290 000000E6                 EXPORT           EINT2_IRQHandler          [WEAK
]
  291 000000E6                 EXPORT           EINT3_IRQHandler          [WEAK
]
  292 000000E6                 EXPORT           ADC_IRQHandler            [WEAK
]
  293 000000E6                 EXPORT           BOD_IRQHandler            [WEAK
]
  294 000000E6                 EXPORT           USB_IRQHandler            [WEAK
]
  295 000000E6                 EXPORT           CAN_IRQHandler            [WEAK
]
  296 000000E6                 EXPORT           DMA_IRQHandler            [WEAK
]
  297 000000E6                 EXPORT           I2S_IRQHandler            [WEAK
]
  298 000000E6                 EXPORT           ENET_IRQHandler           [WEAK
]
  299 000000E6                 EXPORT           RIT_IRQHandler            [WEAK
]
  300 000000E6                 EXPORT           MCPWM_IRQHandler          [WEAK
]
  301 000000E6                 EXPORT           QEI_IRQHandler            [WEAK
]
  302 000000E6                 EXPORT           PLL1_IRQHandler           [WEAK
]
  303 000000E6                 EXPORT           USBActivity_IRQHandler    [WEAK
]
  304 000000E6                 EXPORT           CANActivity_IRQHandler    [WEAK
]
  305 000000E6         
  306 000000E6         WDT_IRQHandler
  307 000000E6         TIMER0_IRQHandler
  308 000000E6         TIMER1_IRQHandler
  309 000000E6         TIMER2_IRQHandler
  310 000000E6         TIMER3_IRQHandler
  311 000000E6         UART0_IRQHandler
  312 000000E6         UART1_IRQHandler



ARM Macro Assembler    Page 10 


  313 000000E6         UART2_IRQHandler
  314 000000E6         UART3_IRQHandler
  315 000000E6         PWM1_IRQHandler
  316 000000E6         I2C0_IRQHandler
  317 000000E6         I2C1_IRQHandler
  318 000000E6         I2C2_IRQHandler
  319 000000E6         SPI_IRQHandler
  320 000000E6         SSP0_IRQHandler
  321 000000E6         SSP1_IRQHandler
  322 000000E6         PLL0_IRQHandler
  323 000000E6         RTC_IRQHandler
  324 000000E6         EINT0_IRQHandler
  325 000000E6         EINT1_IRQHandler
  326 000000E6         EINT2_IRQHandler
  327 000000E6         EINT3_IRQHandler
  328 000000E6         ADC_IRQHandler
  329 000000E6         BOD_IRQHandler
  330 000000E6         USB_IRQHandler
  331 000000E6         CAN_IRQHandler
  332 000000E6         DMA_IRQHandler
  333 000000E6         I2S_IRQHandler
  334 000000E6         ENET_IRQHandler
  335 000000E6         RIT_IRQHandler
  336 000000E6         MCPWM_IRQHandler
  337 000000E6         QEI_IRQHandler
  338 000000E6         PLL1_IRQHandler
  339 000000E6         USBActivity_IRQHandler
  340 000000E6         CANActivity_IRQHandler
  341 000000E6         
  342 000000E6 E7FE            B                .
  343 000000E8         
  344 000000E8                 ENDP
  345 000000E8         
  346 000000E8         
  347 000000E8                 ALIGN
  348 000000E8         
  349 000000E8         
  350 000000E8         ; User Initial Stack & Heap
  351 000000E8         
  352 000000E8                 EXPORT           __initial_sp
  353 000000E8                 EXPORT           __heap_base
  354 000000E8                 EXPORT           __heap_limit
  355 000000E8         
  356 000000E8                 END
              00000000 
              00000000 
              00000000 
              00000000 
              00000000 
              00000000 
              00000000 
              00000000 
Command Line: --debug --xref --diag_suppress=9931 --cpu=Cortex-M3 --apcs=interw
ork --depend=.\startup.d -o.\startup.o -IC:\Keil_v5\ARM\RV31\INC -IC:\Keil_v5\A
RM\CMSIS\Include -IC:\Keil_v5\ARM\INC\NXP\LPC17xx --predefine="__EVAL SETA 1" -
-predefine="__UVISION_VERSION SETA 536" --list=.\startup.lst startup.s



ARM Macro Assembler    Page 1 Alphabetic symbol ordering
Relocatable symbols

STACK 00000000

Symbol: STACK
   Definitions
      At line 33 in file startup.s
   Uses
      None
Comment: STACK unused
Stack_Mem 00000000

Symbol: Stack_Mem
   Definitions
      At line 34 in file startup.s
   Uses
      None
Comment: Stack_Mem unused
__initial_sp 00000200

Symbol: __initial_sp
   Definitions
      At line 35 in file startup.s
   Uses
      At line 59 in file startup.s
      At line 352 in file startup.s

3 symbols



ARM Macro Assembler    Page 1 Alphabetic symbol ordering
Relocatable symbols

HEAP 00000000

Symbol: HEAP
   Definitions
      At line 44 in file startup.s
   Uses
      None
Comment: HEAP unused
Heap_Mem 00000000

Symbol: Heap_Mem
   Definitions
      At line 46 in file startup.s
   Uses
      None
Comment: Heap_Mem unused
__heap_base 00000000

Symbol: __heap_base
   Definitions
      At line 45 in file startup.s
   Uses
      At line 353 in file startup.s
Comment: __heap_base used once
__heap_limit 00000000

Symbol: __heap_limit
   Definitions
      At line 47 in file startup.s
   Uses
      At line 354 in file startup.s
Comment: __heap_limit used once
4 symbols



ARM Macro Assembler    Page 1 Alphabetic symbol ordering
Relocatable symbols

RESET 00000000

Symbol: RESET
   Definitions
      At line 56 in file startup.s
   Uses
      None
Comment: RESET unused
__Vectors 00000000

Symbol: __Vectors
   Definitions
      At line 59 in file startup.s
   Uses
      At line 57 in file startup.s
Comment: __Vectors used once
2 symbols



ARM Macro Assembler    Page 1 Alphabetic symbol ordering
Relocatable symbols

.ARM.__at_0x02FC 00000000

Symbol: .ARM.__at_0x02FC
   Definitions
      At line 115 in file startup.s
   Uses
      None
Comment: .ARM.__at_0x02FC unused
CRP_Key 00000000

Symbol: CRP_Key
   Definitions
      At line 116 in file startup.s
   Uses
      None
Comment: CRP_Key unused
2 symbols



ARM Macro Assembler    Page 1 Alphabetic symbol ordering
Relocatable symbols

Num_sectors 00000060

Symbol: Num_sectors
   Definitions
      At line 122 in file startup.s
   Uses
      At line 139 in file startup.s
Comment: Num_sectors used once
ROM 00000000

Symbol: ROM
   Definitions
      At line 119 in file startup.s
   Uses
      None
Comment: ROM unused
Sector_prices 00000000

Symbol: Sector_prices
   Definitions
      At line 120 in file startup.s
   Uses
      At line 136 in file startup.s
Comment: Sector_prices used once
Sector_quantity 00000030

Symbol: Sector_quantity
   Definitions
      At line 121 in file startup.s
   Uses
      At line 151 in file startup.s
Comment: Sector_quantity used once
Ticket_requests 0000007C

Symbol: Ticket_requests
   Definitions
      At line 124 in file startup.s
   Uses
      At line 143 in file startup.s
Comment: Ticket_requests used once
Tickets 00000064

Symbol: Tickets
   Definitions
      At line 123 in file startup.s
   Uses
      At line 137 in file startup.s
Comment: Tickets used once
6 symbols



ARM Macro Assembler    Page 1 Alphabetic symbol ordering
Relocatable symbols

RAM 00000000

Symbol: RAM
   Definitions
      At line 125 in file startup.s
   Uses
      None
Comment: RAM unused
total_tickets 00000030

Symbol: total_tickets
   Definitions
      At line 127 in file startup.s
   Uses
      At line 138 in file startup.s
      At line 216 in file startup.s

updated_quantity 00000000

Symbol: updated_quantity
   Definitions
      At line 126 in file startup.s
   Uses
      At line 147 in file startup.s
Comment: updated_quantity used once
3 symbols



ARM Macro Assembler    Page 1 Alphabetic symbol ordering
Relocatable symbols

.text 00000000

Symbol: .text
   Definitions
      At line 129 in file startup.s
   Uses
      None
Comment: .text unused
ADC_IRQHandler 000000E6

Symbol: ADC_IRQHandler
   Definitions
      At line 328 in file startup.s
   Uses
      At line 99 in file startup.s
      At line 292 in file startup.s

BOD_IRQHandler 000000E6

Symbol: BOD_IRQHandler
   Definitions
      At line 329 in file startup.s
   Uses
      At line 100 in file startup.s
      At line 293 in file startup.s

BusFault_Handler 000000DA

Symbol: BusFault_Handler
   Definitions
      At line 241 in file startup.s
   Uses
      At line 64 in file startup.s
      At line 242 in file startup.s

CANActivity_IRQHandler 000000E6

Symbol: CANActivity_IRQHandler
   Definitions
      At line 340 in file startup.s
   Uses
      At line 111 in file startup.s
      At line 304 in file startup.s

CAN_IRQHandler 000000E6

Symbol: CAN_IRQHandler
   Definitions
      At line 331 in file startup.s
   Uses
      At line 102 in file startup.s
      At line 295 in file startup.s

DMA_IRQHandler 000000E6

Symbol: DMA_IRQHandler
   Definitions
      At line 332 in file startup.s
   Uses



ARM Macro Assembler    Page 2 Alphabetic symbol ordering
Relocatable symbols

      At line 103 in file startup.s
      At line 296 in file startup.s

DebugMon_Handler 000000E0

Symbol: DebugMon_Handler
   Definitions
      At line 255 in file startup.s
   Uses
      At line 71 in file startup.s
      At line 256 in file startup.s

Default_Handler 000000E6

Symbol: Default_Handler
   Definitions
      At line 268 in file startup.s
   Uses
      None
Comment: Default_Handler unused
EINT0_IRQHandler 000000E6

Symbol: EINT0_IRQHandler
   Definitions
      At line 324 in file startup.s
   Uses
      At line 95 in file startup.s
      At line 288 in file startup.s

EINT1_IRQHandler 000000E6

Symbol: EINT1_IRQHandler
   Definitions
      At line 325 in file startup.s
   Uses
      At line 96 in file startup.s
      At line 289 in file startup.s

EINT2_IRQHandler 000000E6

Symbol: EINT2_IRQHandler
   Definitions
      At line 326 in file startup.s
   Uses
      At line 97 in file startup.s
      At line 290 in file startup.s

EINT3_IRQHandler 000000E6

Symbol: EINT3_IRQHandler
   Definitions
      At line 327 in file startup.s
   Uses
      At line 98 in file startup.s
      At line 291 in file startup.s

ENET_IRQHandler 000000E6

Symbol: ENET_IRQHandler



ARM Macro Assembler    Page 3 Alphabetic symbol ordering
Relocatable symbols

   Definitions
      At line 334 in file startup.s
   Uses
      At line 105 in file startup.s
      At line 298 in file startup.s

HardFault_Handler 000000D6

Symbol: HardFault_Handler
   Definitions
      At line 231 in file startup.s
   Uses
      At line 62 in file startup.s
      At line 232 in file startup.s

I2C0_IRQHandler 000000E6

Symbol: I2C0_IRQHandler
   Definitions
      At line 316 in file startup.s
   Uses
      At line 87 in file startup.s
      At line 280 in file startup.s

I2C1_IRQHandler 000000E6

Symbol: I2C1_IRQHandler
   Definitions
      At line 317 in file startup.s
   Uses
      At line 88 in file startup.s
      At line 281 in file startup.s

I2C2_IRQHandler 000000E6

Symbol: I2C2_IRQHandler
   Definitions
      At line 318 in file startup.s
   Uses
      At line 89 in file startup.s
      At line 282 in file startup.s

I2S_IRQHandler 000000E6

Symbol: I2S_IRQHandler
   Definitions
      At line 333 in file startup.s
   Uses
      At line 104 in file startup.s
      At line 297 in file startup.s

MCPWM_IRQHandler 000000E6

Symbol: MCPWM_IRQHandler
   Definitions
      At line 336 in file startup.s
   Uses
      At line 107 in file startup.s
      At line 300 in file startup.s



ARM Macro Assembler    Page 4 Alphabetic symbol ordering
Relocatable symbols


MemManage_Handler 000000D8

Symbol: MemManage_Handler
   Definitions
      At line 236 in file startup.s
   Uses
      At line 63 in file startup.s
      At line 237 in file startup.s

NMI_Handler 000000D4

Symbol: NMI_Handler
   Definitions
      At line 226 in file startup.s
   Uses
      At line 61 in file startup.s
      At line 227 in file startup.s

PLL0_IRQHandler 000000E6

Symbol: PLL0_IRQHandler
   Definitions
      At line 322 in file startup.s
   Uses
      At line 93 in file startup.s
      At line 286 in file startup.s

PLL1_IRQHandler 000000E6

Symbol: PLL1_IRQHandler
   Definitions
      At line 338 in file startup.s
   Uses
      At line 109 in file startup.s
      At line 302 in file startup.s

PWM1_IRQHandler 000000E6

Symbol: PWM1_IRQHandler
   Definitions
      At line 315 in file startup.s
   Uses
      At line 86 in file startup.s
      At line 279 in file startup.s

PendSV_Handler 000000E2

Symbol: PendSV_Handler
   Definitions
      At line 259 in file startup.s
   Uses
      At line 73 in file startup.s
      At line 260 in file startup.s

QEI_IRQHandler 000000E6

Symbol: QEI_IRQHandler
   Definitions



ARM Macro Assembler    Page 5 Alphabetic symbol ordering
Relocatable symbols

      At line 337 in file startup.s
   Uses
      At line 108 in file startup.s
      At line 301 in file startup.s

RIT_IRQHandler 000000E6

Symbol: RIT_IRQHandler
   Definitions
      At line 335 in file startup.s
   Uses
      At line 106 in file startup.s
      At line 299 in file startup.s

RTC_IRQHandler 000000E6

Symbol: RTC_IRQHandler
   Definitions
      At line 323 in file startup.s
   Uses
      At line 94 in file startup.s
      At line 287 in file startup.s

Reset_Handler 00000000

Symbol: Reset_Handler
   Definitions
      At line 131 in file startup.s
   Uses
      At line 60 in file startup.s
      At line 132 in file startup.s
      At line 133 in file startup.s

SPI_IRQHandler 000000E6

Symbol: SPI_IRQHandler
   Definitions
      At line 319 in file startup.s
   Uses
      At line 90 in file startup.s
      At line 283 in file startup.s

SSP0_IRQHandler 000000E6

Symbol: SSP0_IRQHandler
   Definitions
      At line 320 in file startup.s
   Uses
      At line 91 in file startup.s
      At line 284 in file startup.s

SSP1_IRQHandler 000000E6

Symbol: SSP1_IRQHandler
   Definitions
      At line 321 in file startup.s
   Uses
      At line 92 in file startup.s
      At line 285 in file startup.s



ARM Macro Assembler    Page 6 Alphabetic symbol ordering
Relocatable symbols


SVC_Handler 000000DE

Symbol: SVC_Handler
   Definitions
      At line 250 in file startup.s
   Uses
      At line 70 in file startup.s
      At line 251 in file startup.s

SysTick_Handler 000000E4

Symbol: SysTick_Handler
   Definitions
      At line 263 in file startup.s
   Uses
      At line 74 in file startup.s
      At line 264 in file startup.s

TIMER0_IRQHandler 000000E6

Symbol: TIMER0_IRQHandler
   Definitions
      At line 307 in file startup.s
   Uses
      At line 78 in file startup.s
      At line 271 in file startup.s

TIMER1_IRQHandler 000000E6

Symbol: TIMER1_IRQHandler
   Definitions
      At line 308 in file startup.s
   Uses
      At line 79 in file startup.s
      At line 272 in file startup.s

TIMER2_IRQHandler 000000E6

Symbol: TIMER2_IRQHandler
   Definitions
      At line 309 in file startup.s
   Uses
      At line 80 in file startup.s
      At line 273 in file startup.s

TIMER3_IRQHandler 000000E6

Symbol: TIMER3_IRQHandler
   Definitions
      At line 310 in file startup.s
   Uses
      At line 81 in file startup.s
      At line 274 in file startup.s

UART0_IRQHandler 000000E6

Symbol: UART0_IRQHandler
   Definitions



ARM Macro Assembler    Page 7 Alphabetic symbol ordering
Relocatable symbols

      At line 311 in file startup.s
   Uses
      At line 82 in file startup.s
      At line 275 in file startup.s

UART1_IRQHandler 000000E6

Symbol: UART1_IRQHandler
   Definitions
      At line 312 in file startup.s
   Uses
      At line 83 in file startup.s
      At line 276 in file startup.s

UART2_IRQHandler 000000E6

Symbol: UART2_IRQHandler
   Definitions
      At line 313 in file startup.s
   Uses
      At line 84 in file startup.s
      At line 277 in file startup.s

UART3_IRQHandler 000000E6

Symbol: UART3_IRQHandler
   Definitions
      At line 314 in file startup.s
   Uses
      At line 85 in file startup.s
      At line 278 in file startup.s

USBActivity_IRQHandler 000000E6

Symbol: USBActivity_IRQHandler
   Definitions
      At line 339 in file startup.s
   Uses
      At line 110 in file startup.s
      At line 303 in file startup.s

USB_IRQHandler 000000E6

Symbol: USB_IRQHandler
   Definitions
      At line 330 in file startup.s
   Uses
      At line 101 in file startup.s
      At line 294 in file startup.s

UsageFault_Handler 000000DC

Symbol: UsageFault_Handler
   Definitions
      At line 246 in file startup.s
   Uses
      At line 65 in file startup.s
      At line 247 in file startup.s




ARM Macro Assembler    Page 8 Alphabetic symbol ordering
Relocatable symbols

WDT_IRQHandler 000000E6

Symbol: WDT_IRQHandler
   Definitions
      At line 306 in file startup.s
   Uses
      At line 77 in file startup.s
      At line 270 in file startup.s

forSectorPrices 0000006C

Symbol: forSectorPrices
   Definitions
      At line 174 in file startup.s
   Uses
      At line 193 in file startup.s
Comment: forSectorPrices used once
forSectorQuantity 00000032

Symbol: forSectorQuantity
   Definitions
      At line 154 in file startup.s
   Uses
      At line 206 in file startup.s
Comment: forSectorQuantity used once
forTickets 0000002A

Symbol: forTickets
   Definitions
      At line 150 in file startup.s
   Uses
      At line 214 in file startup.s
Comment: forTickets used once
nextSectorPrice 00000098

Symbol: nextSectorPrice
   Definitions
      At line 190 in file startup.s
   Uses
      At line 177 in file startup.s
Comment: nextSectorPrice used once
nextSectorQuantity 000000B0

Symbol: nextSectorQuantity
   Definitions
      At line 202 in file startup.s
   Uses
      At line 156 in file startup.s
Comment: nextSectorQuantity used once
nextTicket 000000BE

Symbol: nextTicket
   Definitions
      At line 209 in file startup.s
   Uses
      At line 194 in file startup.s
      At line 200 in file startup.s
      At line 207 in file startup.s




ARM Macro Assembler    Page 9 Alphabetic symbol ordering
Relocatable symbols

notAvailable 000000A2

Symbol: notAvailable
   Definitions
      At line 196 in file startup.s
   Uses
      At line 164 in file startup.s
Comment: notAvailable used once
54 symbols



ARM Macro Assembler    Page 1 Alphabetic symbol ordering
Absolute symbols

Heap_Size 00000000

Symbol: Heap_Size
   Definitions
      At line 42 in file startup.s
   Uses
      At line 46 in file startup.s
Comment: Heap_Size used once
Stack_Size 00000200

Symbol: Stack_Size
   Definitions
      At line 31 in file startup.s
   Uses
      At line 34 in file startup.s
Comment: Stack_Size used once
2 symbols
412 symbols in table
