


ARM Macro Assembler    Page 1 


    1 00000000         ;/******************************************************
                       ********************//**
    2 00000000         ; * @file     startup_LPC17xx.s
    3 00000000         ; * @brief    CMSIS Cortex-M3 Core Device Startup File f
                       or
    4 00000000         ; *           NXP LPC17xx Device Series
    5 00000000         ; * @version  V1.10
    6 00000000         ; * @date     06. April 2011
    7 00000000         ; *
    8 00000000         ; * @note
    9 00000000         ; * Copyright (C) 2009-2011 ARM Limited. All rights rese
                       rved.
   10 00000000         ; *
   11 00000000         ; * @par
   12 00000000         ; * ARM Limited (ARM) is supplying this software for use
                        with Cortex-M
   13 00000000         ; * processor based microcontrollers.  This file can be 
                       freely distributed
   14 00000000         ; * within development tools that are supporting such AR
                       M based processors.
   15 00000000         ; *
   16 00000000         ; * @par
   17 00000000         ; * THIS SOFTWARE IS PROVIDED "AS IS".  NO WARRANTIES, W
                       HETHER EXPRESS, IMPLIED
   18 00000000         ; * OR STATUTORY, INCLUDING, BUT NOT LIMITED TO, IMPLIED
                        WARRANTIES OF
   19 00000000         ; * MERCHANTABILITY AND FITNESS FOR A PARTICULAR PURPOSE
                        APPLY TO THIS SOFTWARE.
   20 00000000         ; * ARM SHALL NOT, IN ANY CIRCUMSTANCES, BE LIABLE FOR S
                       PECIAL, INCIDENTAL, OR
   21 00000000         ; * CONSEQUENTIAL DAMAGES, FOR ANY REASON WHATSOEVER.
   22 00000000         ; *
   23 00000000         ; ******************************************************
                       ************************/
   24 00000000         
   25 00000000         ; *------- <<< Use Configuration Wizard in Context Menu 
                       >>> ------------------
   26 00000000         
   27 00000000         ; <h> Stack Configuration
   28 00000000         ;   <o> Stack Size (in Bytes) <0x0-0xFFFFFFFF:8>
   29 00000000         ; </h>
   30 00000000         
   31 00000000 00000200 
                       Stack_Size
                               EQU              0x00000200
   32 00000000         
   33 00000000                 AREA             STACK, NOINIT, READWRITE, ALIGN
=3
   34 00000000                 SPACE            Stack_Size/2
   35 00000100         Stack_Mem
                               SPACE            Stack_Size/2
   36 00000200         __initial_sp
   37 00000200         
   38 00000200         
   39 00000200         ; <h> Heap Configuration
   40 00000200         ;   <o>  Heap Size (in Bytes) <0x0-0xFFFFFFFF:8>
   41 00000200         ; </h>
   42 00000200         
   43 00000200 00000000 



ARM Macro Assembler    Page 2 


                       Heap_Size
                               EQU              0x00000000
   44 00000200         
   45 00000200                 AREA             HEAP, NOINIT, READWRITE, ALIGN=
3
   46 00000000         __heap_base
   47 00000000         Heap_Mem
                               SPACE            Heap_Size
   48 00000000         __heap_limit
   49 00000000         
   50 00000000         
   51 00000000                 PRESERVE8
   52 00000000                 THUMB
   53 00000000         
   54 00000000         
   55 00000000         ; Vector Table Mapped to Address 0 at Reset
   56 00000000         
   57 00000000                 AREA             RESET, DATA, READONLY
   58 00000000                 EXPORT           __Vectors
   59 00000000         
   60 00000000 00000000 
                       __Vectors
                               DCD              __initial_sp ; Top of Stack
   61 00000004 00000000        DCD              Reset_Handler ; Reset Handler
   62 00000008 00000000        DCD              NMI_Handler ; NMI Handler
   63 0000000C 00000000        DCD              HardFault_Handler ; Hard Fault 
                                                            Handler
   64 00000010 00000000        DCD              MemManage_Handler 
                                                            ; MPU Fault Handler
                                                            
   65 00000014 00000000        DCD              BusFault_Handler 
                                                            ; Bus Fault Handler
                                                            
   66 00000018 00000000        DCD              UsageFault_Handler ; Usage Faul
                                                            t Handler
   67 0000001C 00000000        DCD              0           ; Reserved
   68 00000020 00000000        DCD              0           ; Reserved
   69 00000024 00000000        DCD              0           ; Reserved
   70 00000028 00000000        DCD              0           ; Reserved
   71 0000002C 00000000        DCD              SVC_Handler ; SVCall Handler
   72 00000030 00000000        DCD              DebugMon_Handler ; Debug Monito
                                                            r Handler
   73 00000034 00000000        DCD              0           ; Reserved
   74 00000038 00000000        DCD              PendSV_Handler ; PendSV Handler
                                                            
   75 0000003C 00000000        DCD              SysTick_Handler 
                                                            ; SysTick Handler
   76 00000040         
   77 00000040         ; External Interrupts
   78 00000040 00000000        DCD              WDT_IRQHandler ; 16: Watchdog T
                                                            imer
   79 00000044 00000000        DCD              TIMER0_IRQHandler ; 17: Timer0
   80 00000048 00000000        DCD              TIMER1_IRQHandler ; 18: Timer1
   81 0000004C 00000000        DCD              TIMER2_IRQHandler ; 19: Timer2
   82 00000050 00000000        DCD              TIMER3_IRQHandler ; 20: Timer3
   83 00000054 00000000        DCD              UART0_IRQHandler ; 21: UART0
   84 00000058 00000000        DCD              UART1_IRQHandler ; 22: UART1
   85 0000005C 00000000        DCD              UART2_IRQHandler ; 23: UART2
   86 00000060 00000000        DCD              UART3_IRQHandler ; 24: UART3



ARM Macro Assembler    Page 3 


   87 00000064 00000000        DCD              PWM1_IRQHandler ; 25: PWM1
   88 00000068 00000000        DCD              I2C0_IRQHandler ; 26: I2C0
   89 0000006C 00000000        DCD              I2C1_IRQHandler ; 27: I2C1
   90 00000070 00000000        DCD              I2C2_IRQHandler ; 28: I2C2
   91 00000074 00000000        DCD              SPI_IRQHandler ; 29: SPI
   92 00000078 00000000        DCD              SSP0_IRQHandler ; 30: SSP0
   93 0000007C 00000000        DCD              SSP1_IRQHandler ; 31: SSP1
   94 00000080 00000000        DCD              PLL0_IRQHandler ; 32: PLL0 Lock
                                                             (Main PLL)
   95 00000084 00000000        DCD              RTC_IRQHandler ; 33: Real Time 
                                                            Clock
   96 00000088 00000000        DCD              EINT0_IRQHandler ; 34: External
                                                             Interrupt 0
   97 0000008C 00000000        DCD              EINT1_IRQHandler ; 35: External
                                                             Interrupt 1
   98 00000090 00000000        DCD              EINT2_IRQHandler ; 36: External
                                                             Interrupt 2
   99 00000094 00000000        DCD              EINT3_IRQHandler ; 37: External
                                                             Interrupt 3
  100 00000098 00000000        DCD              ADC_IRQHandler 
                                                            ; 38: A/D Converter
                                                            
  101 0000009C 00000000        DCD              BOD_IRQHandler ; 39: Brown-Out 
                                                            Detect
  102 000000A0 00000000        DCD              USB_IRQHandler ; 40: USB
  103 000000A4 00000000        DCD              CAN_IRQHandler ; 41: CAN
  104 000000A8 00000000        DCD              DMA_IRQHandler ; 42: General Pu
                                                            rpose DMA
  105 000000AC 00000000        DCD              I2S_IRQHandler ; 43: I2S
  106 000000B0 00000000        DCD              ENET_IRQHandler ; 44: Ethernet
  107 000000B4 00000000        DCD              RIT_IRQHandler ; 45: Repetitive
                                                             Interrupt Timer
  108 000000B8 00000000        DCD              MCPWM_IRQHandler ; 46: Motor Co
                                                            ntrol PWM
  109 000000BC 00000000        DCD              QEI_IRQHandler ; 47: Quadrature
                                                             Encoder Interface
  110 000000C0 00000000        DCD              PLL1_IRQHandler ; 48: PLL1 Lock
                                                             (USB PLL)
  111 000000C4 00000000        DCD              USBActivity_IRQHandler ; 49: US
                                                            B Activity interrup
                                                            t to wakeup
  112 000000C8 00000000        DCD              CANActivity_IRQHandler ; 50: CA
                                                            N Activity interrup
                                                            t to wakeup
  113 000000CC         
  114 000000CC         
  115 000000CC                 IF               :LNOT::DEF:NO_CRP
  116 000000CC                 AREA             |.ARM.__at_0x02FC|, CODE, READO
NLY
  117 00000000 FFFFFFFF 
                       CRP_Key DCD              0xFFFFFFFF
  118 00000004                 ENDIF
  119 00000004         
  120 00000004                 AREA             dati, DATA, READWRITE
  121 00000000 00 00 00 
              00       SQResult
                               SPACE            4
  122 00000004         
  123 00000004                 AREA             |.text|, CODE, READONLY



ARM Macro Assembler    Page 4 


  124 00000000         ; Reset Handler
  125 00000000         Reset_Handler
                               PROC
  126 00000000                 EXPORT           Reset_Handler             [WEAK
]
  127 00000000 481C            LDR              R0, =Reset_Handler
  128 00000002         
  129 00000002         ; your code here
  130 00000002 F04F 0003       MOV              r0, #3
  131 00000006 F380 8814       MSR              CONTROL, r0
  132 0000000A F8DF D06C       LDR              SP, =Stack_Mem
  133 0000000E         
  134 0000000E BF00            nop
  135 00000010         
  136 00000010 F04F 0005       MOV              r0, #5
  137 00000014 DF00            SVC              #0          ; calcolo quadrato
  138 00000016         ; SVC #1  ; calcolo radice
  139 00000016         ; SVC #2  ; nop
  140 00000016         
  141 00000016 4919            LDR              r1, =SQResult
  142 00000018 600D            STR              r5, [r1]
  143 0000001A         
  144 0000001A 4700            BX               R0
  145 0000001C                 ENDP
  146 0000001C         
  147 0000001C         
  148 0000001C         ; Dummy Exception Handlers (infinite loops which can be 
                       modified)
  149 0000001C         
  150 0000001C         NMI_Handler
                               PROC
  151 0000001C                 EXPORT           NMI_Handler               [WEAK
]
  152 0000001C E7FE            B                .
  153 0000001E                 ENDP
  155 0000001E         HardFault_Handler
                               PROC
  156 0000001E                 EXPORT           HardFault_Handler         [WEAK
]
  157 0000001E E7FE            B                .
  158 00000020                 ENDP
  160 00000020         MemManage_Handler
                               PROC
  161 00000020                 EXPORT           MemManage_Handler         [WEAK
]
  162 00000020 E7FE            B                .
  163 00000022                 ENDP
  165 00000022         BusFault_Handler
                               PROC
  166 00000022                 EXPORT           BusFault_Handler          [WEAK
]
  167 00000022 E7FE            B                .
  168 00000024                 ENDP
  170 00000024         UsageFault_Handler
                               PROC
  171 00000024                 EXPORT           UsageFault_Handler        [WEAK
]
  172 00000024 E7FE            B                .
  173 00000026                 ENDP



ARM Macro Assembler    Page 5 


  174 00000026         SVC_Handler
                               PROC
  175 00000026                 EXPORT           SVC_Handler               [WEAK
]
  176 00000026         
  177 00000026 E92D 5FFF       STMFD            SP!, {r0-r12, LR}
  178 0000002A F3EF 8309       MRS              r3, PSP
  179 0000002E 4605            MOV              r5, r0
  180 00000030 6998            LDR              r0, [r3, #24]
  181 00000032 F850 1C04       LDR              r1, [r0, #-4]
  182 00000036 F021 417F       BIC              r1, #0xFF000000
  183 0000003A EA4F 4111       LSR              r1, #16
  184 0000003E         
  185 0000003E 2900            cmp              r1, #0
  186 00000040 D102            bne              next1
  187 00000042 FB05 F505       mul              r5, r5, r5
  188 00000046 E00C            b                end
  189 00000048         
  190 00000048         next1
  191 00000048 2901            cmp              r1, #1
  192 0000004A D109            bne              next2
  193 0000004C F04F 0200       mov              r2, #0      ; n
  194 00000050         squareroot
  195 00000050 F102 0201       add              r2, r2, #1
  196 00000054 FB02 F402       mul              r4, r2, r2
  197 00000058 42AC            cmp              r4, r5
  198 0000005A DDF9            ble              squareroot
  199 0000005C 4625            mov              r5, r4
  200 0000005E E000            b                end
  201 00000060         next2
  202 00000060 BF00            nop
  203 00000062         end
  204 00000062 621D            STR              r5, [r3, #32]
  205 00000064 E8BD 5FFF       LDMFD            SP!, {r0-r12, LR}
  206 00000068 4770            BX               LR
  207 0000006A                 ENDP
  209 0000006A         DebugMon_Handler
                               PROC
  210 0000006A                 EXPORT           DebugMon_Handler          [WEAK
]
  211 0000006A E7FE            B                .
  212 0000006C                 ENDP
  213 0000006C         PendSV_Handler
                               PROC
  214 0000006C                 EXPORT           PendSV_Handler            [WEAK
]
  215 0000006C E7FE            B                .
  216 0000006E                 ENDP
  217 0000006E         SysTick_Handler
                               PROC
  218 0000006E                 EXPORT           SysTick_Handler           [WEAK
]
  219 0000006E E7FE            B                .
  220 00000070                 ENDP
  221 00000070         
  222 00000070         Default_Handler
                               PROC
  223 00000070         
  224 00000070                 EXPORT           WDT_IRQHandler            [WEAK



ARM Macro Assembler    Page 6 


]
  225 00000070                 EXPORT           TIMER0_IRQHandler         [WEAK
]
  226 00000070                 EXPORT           TIMER1_IRQHandler         [WEAK
]
  227 00000070                 EXPORT           TIMER2_IRQHandler         [WEAK
]
  228 00000070                 EXPORT           TIMER3_IRQHandler         [WEAK
]
  229 00000070                 EXPORT           UART0_IRQHandler          [WEAK
]
  230 00000070                 EXPORT           UART1_IRQHandler          [WEAK
]
  231 00000070                 EXPORT           UART2_IRQHandler          [WEAK
]
  232 00000070                 EXPORT           UART3_IRQHandler          [WEAK
]
  233 00000070                 EXPORT           PWM1_IRQHandler           [WEAK
]
  234 00000070                 EXPORT           I2C0_IRQHandler           [WEAK
]
  235 00000070                 EXPORT           I2C1_IRQHandler           [WEAK
]
  236 00000070                 EXPORT           I2C2_IRQHandler           [WEAK
]
  237 00000070                 EXPORT           SPI_IRQHandler            [WEAK
]
  238 00000070                 EXPORT           SSP0_IRQHandler           [WEAK
]
  239 00000070                 EXPORT           SSP1_IRQHandler           [WEAK
]
  240 00000070                 EXPORT           PLL0_IRQHandler           [WEAK
]
  241 00000070                 EXPORT           RTC_IRQHandler            [WEAK
]
  242 00000070                 EXPORT           EINT0_IRQHandler          [WEAK
]
  243 00000070                 EXPORT           EINT1_IRQHandler          [WEAK
]
  244 00000070                 EXPORT           EINT2_IRQHandler          [WEAK
]
  245 00000070                 EXPORT           EINT3_IRQHandler          [WEAK
]
  246 00000070                 EXPORT           ADC_IRQHandler            [WEAK
]
  247 00000070                 EXPORT           BOD_IRQHandler            [WEAK
]
  248 00000070                 EXPORT           USB_IRQHandler            [WEAK
]
  249 00000070                 EXPORT           CAN_IRQHandler            [WEAK
]
  250 00000070                 EXPORT           DMA_IRQHandler            [WEAK
]
  251 00000070                 EXPORT           I2S_IRQHandler            [WEAK
]
  252 00000070                 EXPORT           ENET_IRQHandler           [WEAK
]
  253 00000070                 EXPORT           RIT_IRQHandler            [WEAK
]



ARM Macro Assembler    Page 7 


  254 00000070                 EXPORT           MCPWM_IRQHandler          [WEAK
]
  255 00000070                 EXPORT           QEI_IRQHandler            [WEAK
]
  256 00000070                 EXPORT           PLL1_IRQHandler           [WEAK
]
  257 00000070                 EXPORT           USBActivity_IRQHandler    [WEAK
]
  258 00000070                 EXPORT           CANActivity_IRQHandler    [WEAK
]
  259 00000070         
  260 00000070         WDT_IRQHandler
  261 00000070         TIMER0_IRQHandler
  262 00000070         TIMER1_IRQHandler
  263 00000070         TIMER2_IRQHandler
  264 00000070         TIMER3_IRQHandler
  265 00000070         UART0_IRQHandler
  266 00000070         UART1_IRQHandler
  267 00000070         UART2_IRQHandler
  268 00000070         UART3_IRQHandler
  269 00000070         PWM1_IRQHandler
  270 00000070         I2C0_IRQHandler
  271 00000070         I2C1_IRQHandler
  272 00000070         I2C2_IRQHandler
  273 00000070         SPI_IRQHandler
  274 00000070         SSP0_IRQHandler
  275 00000070         SSP1_IRQHandler
  276 00000070         PLL0_IRQHandler
  277 00000070         RTC_IRQHandler
  278 00000070         EINT0_IRQHandler
  279 00000070         EINT1_IRQHandler
  280 00000070         EINT2_IRQHandler
  281 00000070         EINT3_IRQHandler
  282 00000070         ADC_IRQHandler
  283 00000070         BOD_IRQHandler
  284 00000070         USB_IRQHandler
  285 00000070         CAN_IRQHandler
  286 00000070         DMA_IRQHandler
  287 00000070         I2S_IRQHandler
  288 00000070         ENET_IRQHandler
  289 00000070         RIT_IRQHandler
  290 00000070         MCPWM_IRQHandler
  291 00000070         QEI_IRQHandler
  292 00000070         PLL1_IRQHandler
  293 00000070         USBActivity_IRQHandler
  294 00000070         CANActivity_IRQHandler
  295 00000070         
  296 00000070 E7FE            B                .
  297 00000072         
  298 00000072                 ENDP
  299 00000072         
  300 00000072         
  301 00000072 00 00           ALIGN
  302 00000074         
  303 00000074         
  304 00000074         ; User Initial Stack & Heap
  305 00000074         
  306 00000074                 EXPORT           __initial_sp
  307 00000074                 EXPORT           __heap_base



ARM Macro Assembler    Page 8 


  308 00000074                 EXPORT           __heap_limit
  309 00000074         
  310 00000074                 END
              00000000 
              00000000 
              00000000 
Command Line: --debug --xref --diag_suppress=9931 --cpu=Cortex-M3 --apcs=interw
ork --depend=.\startup.d -o.\startup.o -IC:\Keil_v5\ARM\RV31\INC -IC:\Keil_v5\A
RM\CMSIS\Include -IC:\Keil_v5\ARM\INC\NXP\LPC17xx --predefine="__EVAL SETA 1" -
-predefine="__UVISION_VERSION SETA 536" --list=.\startup.lst startup.s



ARM Macro Assembler    Page 1 Alphabetic symbol ordering
Relocatable symbols

STACK 00000000

Symbol: STACK
   Definitions
      At line 33 in file startup.s
   Uses
      None
Comment: STACK unused
Stack_Mem 00000100

Symbol: Stack_Mem
   Definitions
      At line 35 in file startup.s
   Uses
      At line 132 in file startup.s
Comment: Stack_Mem used once
__initial_sp 00000200

Symbol: __initial_sp
   Definitions
      At line 36 in file startup.s
   Uses
      At line 60 in file startup.s
      At line 306 in file startup.s

3 symbols



ARM Macro Assembler    Page 1 Alphabetic symbol ordering
Relocatable symbols

HEAP 00000000

Symbol: HEAP
   Definitions
      At line 45 in file startup.s
   Uses
      None
Comment: HEAP unused
Heap_Mem 00000000

Symbol: Heap_Mem
   Definitions
      At line 47 in file startup.s
   Uses
      None
Comment: Heap_Mem unused
__heap_base 00000000

Symbol: __heap_base
   Definitions
      At line 46 in file startup.s
   Uses
      At line 307 in file startup.s
Comment: __heap_base used once
__heap_limit 00000000

Symbol: __heap_limit
   Definitions
      At line 48 in file startup.s
   Uses
      At line 308 in file startup.s
Comment: __heap_limit used once
4 symbols



ARM Macro Assembler    Page 1 Alphabetic symbol ordering
Relocatable symbols

RESET 00000000

Symbol: RESET
   Definitions
      At line 57 in file startup.s
   Uses
      None
Comment: RESET unused
__Vectors 00000000

Symbol: __Vectors
   Definitions
      At line 60 in file startup.s
   Uses
      At line 58 in file startup.s
Comment: __Vectors used once
2 symbols



ARM Macro Assembler    Page 1 Alphabetic symbol ordering
Relocatable symbols

.ARM.__at_0x02FC 00000000

Symbol: .ARM.__at_0x02FC
   Definitions
      At line 116 in file startup.s
   Uses
      None
Comment: .ARM.__at_0x02FC unused
CRP_Key 00000000

Symbol: CRP_Key
   Definitions
      At line 117 in file startup.s
   Uses
      None
Comment: CRP_Key unused
2 symbols



ARM Macro Assembler    Page 1 Alphabetic symbol ordering
Relocatable symbols

SQResult 00000000

Symbol: SQResult
   Definitions
      At line 121 in file startup.s
   Uses
      At line 141 in file startup.s
Comment: SQResult used once
dati 00000000

Symbol: dati
   Definitions
      At line 120 in file startup.s
   Uses
      None
Comment: dati unused
2 symbols



ARM Macro Assembler    Page 1 Alphabetic symbol ordering
Relocatable symbols

.text 00000000

Symbol: .text
   Definitions
      At line 123 in file startup.s
   Uses
      None
Comment: .text unused
ADC_IRQHandler 00000070

Symbol: ADC_IRQHandler
   Definitions
      At line 282 in file startup.s
   Uses
      At line 100 in file startup.s
      At line 246 in file startup.s

BOD_IRQHandler 00000070

Symbol: BOD_IRQHandler
   Definitions
      At line 283 in file startup.s
   Uses
      At line 101 in file startup.s
      At line 247 in file startup.s

BusFault_Handler 00000022

Symbol: BusFault_Handler
   Definitions
      At line 165 in file startup.s
   Uses
      At line 65 in file startup.s
      At line 166 in file startup.s

CANActivity_IRQHandler 00000070

Symbol: CANActivity_IRQHandler
   Definitions
      At line 294 in file startup.s
   Uses
      At line 112 in file startup.s
      At line 258 in file startup.s

CAN_IRQHandler 00000070

Symbol: CAN_IRQHandler
   Definitions
      At line 285 in file startup.s
   Uses
      At line 103 in file startup.s
      At line 249 in file startup.s

DMA_IRQHandler 00000070

Symbol: DMA_IRQHandler
   Definitions
      At line 286 in file startup.s
   Uses



ARM Macro Assembler    Page 2 Alphabetic symbol ordering
Relocatable symbols

      At line 104 in file startup.s
      At line 250 in file startup.s

DebugMon_Handler 0000006A

Symbol: DebugMon_Handler
   Definitions
      At line 209 in file startup.s
   Uses
      At line 72 in file startup.s
      At line 210 in file startup.s

Default_Handler 00000070

Symbol: Default_Handler
   Definitions
      At line 222 in file startup.s
   Uses
      None
Comment: Default_Handler unused
EINT0_IRQHandler 00000070

Symbol: EINT0_IRQHandler
   Definitions
      At line 278 in file startup.s
   Uses
      At line 96 in file startup.s
      At line 242 in file startup.s

EINT1_IRQHandler 00000070

Symbol: EINT1_IRQHandler
   Definitions
      At line 279 in file startup.s
   Uses
      At line 97 in file startup.s
      At line 243 in file startup.s

EINT2_IRQHandler 00000070

Symbol: EINT2_IRQHandler
   Definitions
      At line 280 in file startup.s
   Uses
      At line 98 in file startup.s
      At line 244 in file startup.s

EINT3_IRQHandler 00000070

Symbol: EINT3_IRQHandler
   Definitions
      At line 281 in file startup.s
   Uses
      At line 99 in file startup.s
      At line 245 in file startup.s

ENET_IRQHandler 00000070

Symbol: ENET_IRQHandler



ARM Macro Assembler    Page 3 Alphabetic symbol ordering
Relocatable symbols

   Definitions
      At line 288 in file startup.s
   Uses
      At line 106 in file startup.s
      At line 252 in file startup.s

HardFault_Handler 0000001E

Symbol: HardFault_Handler
   Definitions
      At line 155 in file startup.s
   Uses
      At line 63 in file startup.s
      At line 156 in file startup.s

I2C0_IRQHandler 00000070

Symbol: I2C0_IRQHandler
   Definitions
      At line 270 in file startup.s
   Uses
      At line 88 in file startup.s
      At line 234 in file startup.s

I2C1_IRQHandler 00000070

Symbol: I2C1_IRQHandler
   Definitions
      At line 271 in file startup.s
   Uses
      At line 89 in file startup.s
      At line 235 in file startup.s

I2C2_IRQHandler 00000070

Symbol: I2C2_IRQHandler
   Definitions
      At line 272 in file startup.s
   Uses
      At line 90 in file startup.s
      At line 236 in file startup.s

I2S_IRQHandler 00000070

Symbol: I2S_IRQHandler
   Definitions
      At line 287 in file startup.s
   Uses
      At line 105 in file startup.s
      At line 251 in file startup.s

MCPWM_IRQHandler 00000070

Symbol: MCPWM_IRQHandler
   Definitions
      At line 290 in file startup.s
   Uses
      At line 108 in file startup.s
      At line 254 in file startup.s



ARM Macro Assembler    Page 4 Alphabetic symbol ordering
Relocatable symbols


MemManage_Handler 00000020

Symbol: MemManage_Handler
   Definitions
      At line 160 in file startup.s
   Uses
      At line 64 in file startup.s
      At line 161 in file startup.s

NMI_Handler 0000001C

Symbol: NMI_Handler
   Definitions
      At line 150 in file startup.s
   Uses
      At line 62 in file startup.s
      At line 151 in file startup.s

PLL0_IRQHandler 00000070

Symbol: PLL0_IRQHandler
   Definitions
      At line 276 in file startup.s
   Uses
      At line 94 in file startup.s
      At line 240 in file startup.s

PLL1_IRQHandler 00000070

Symbol: PLL1_IRQHandler
   Definitions
      At line 292 in file startup.s
   Uses
      At line 110 in file startup.s
      At line 256 in file startup.s

PWM1_IRQHandler 00000070

Symbol: PWM1_IRQHandler
   Definitions
      At line 269 in file startup.s
   Uses
      At line 87 in file startup.s
      At line 233 in file startup.s

PendSV_Handler 0000006C

Symbol: PendSV_Handler
   Definitions
      At line 213 in file startup.s
   Uses
      At line 74 in file startup.s
      At line 214 in file startup.s

QEI_IRQHandler 00000070

Symbol: QEI_IRQHandler
   Definitions



ARM Macro Assembler    Page 5 Alphabetic symbol ordering
Relocatable symbols

      At line 291 in file startup.s
   Uses
      At line 109 in file startup.s
      At line 255 in file startup.s

RIT_IRQHandler 00000070

Symbol: RIT_IRQHandler
   Definitions
      At line 289 in file startup.s
   Uses
      At line 107 in file startup.s
      At line 253 in file startup.s

RTC_IRQHandler 00000070

Symbol: RTC_IRQHandler
   Definitions
      At line 277 in file startup.s
   Uses
      At line 95 in file startup.s
      At line 241 in file startup.s

Reset_Handler 00000000

Symbol: Reset_Handler
   Definitions
      At line 125 in file startup.s
   Uses
      At line 61 in file startup.s
      At line 126 in file startup.s
      At line 127 in file startup.s

SPI_IRQHandler 00000070

Symbol: SPI_IRQHandler
   Definitions
      At line 273 in file startup.s
   Uses
      At line 91 in file startup.s
      At line 237 in file startup.s

SSP0_IRQHandler 00000070

Symbol: SSP0_IRQHandler
   Definitions
      At line 274 in file startup.s
   Uses
      At line 92 in file startup.s
      At line 238 in file startup.s

SSP1_IRQHandler 00000070

Symbol: SSP1_IRQHandler
   Definitions
      At line 275 in file startup.s
   Uses
      At line 93 in file startup.s
      At line 239 in file startup.s



ARM Macro Assembler    Page 6 Alphabetic symbol ordering
Relocatable symbols


SVC_Handler 00000026

Symbol: SVC_Handler
   Definitions
      At line 174 in file startup.s
   Uses
      At line 71 in file startup.s
      At line 175 in file startup.s

SysTick_Handler 0000006E

Symbol: SysTick_Handler
   Definitions
      At line 217 in file startup.s
   Uses
      At line 75 in file startup.s
      At line 218 in file startup.s

TIMER0_IRQHandler 00000070

Symbol: TIMER0_IRQHandler
   Definitions
      At line 261 in file startup.s
   Uses
      At line 79 in file startup.s
      At line 225 in file startup.s

TIMER1_IRQHandler 00000070

Symbol: TIMER1_IRQHandler
   Definitions
      At line 262 in file startup.s
   Uses
      At line 80 in file startup.s
      At line 226 in file startup.s

TIMER2_IRQHandler 00000070

Symbol: TIMER2_IRQHandler
   Definitions
      At line 263 in file startup.s
   Uses
      At line 81 in file startup.s
      At line 227 in file startup.s

TIMER3_IRQHandler 00000070

Symbol: TIMER3_IRQHandler
   Definitions
      At line 264 in file startup.s
   Uses
      At line 82 in file startup.s
      At line 228 in file startup.s

UART0_IRQHandler 00000070

Symbol: UART0_IRQHandler
   Definitions



ARM Macro Assembler    Page 7 Alphabetic symbol ordering
Relocatable symbols

      At line 265 in file startup.s
   Uses
      At line 83 in file startup.s
      At line 229 in file startup.s

UART1_IRQHandler 00000070

Symbol: UART1_IRQHandler
   Definitions
      At line 266 in file startup.s
   Uses
      At line 84 in file startup.s
      At line 230 in file startup.s

UART2_IRQHandler 00000070

Symbol: UART2_IRQHandler
   Definitions
      At line 267 in file startup.s
   Uses
      At line 85 in file startup.s
      At line 231 in file startup.s

UART3_IRQHandler 00000070

Symbol: UART3_IRQHandler
   Definitions
      At line 268 in file startup.s
   Uses
      At line 86 in file startup.s
      At line 232 in file startup.s

USBActivity_IRQHandler 00000070

Symbol: USBActivity_IRQHandler
   Definitions
      At line 293 in file startup.s
   Uses
      At line 111 in file startup.s
      At line 257 in file startup.s

USB_IRQHandler 00000070

Symbol: USB_IRQHandler
   Definitions
      At line 284 in file startup.s
   Uses
      At line 102 in file startup.s
      At line 248 in file startup.s

UsageFault_Handler 00000024

Symbol: UsageFault_Handler
   Definitions
      At line 170 in file startup.s
   Uses
      At line 66 in file startup.s
      At line 171 in file startup.s




ARM Macro Assembler    Page 8 Alphabetic symbol ordering
Relocatable symbols

WDT_IRQHandler 00000070

Symbol: WDT_IRQHandler
   Definitions
      At line 260 in file startup.s
   Uses
      At line 78 in file startup.s
      At line 224 in file startup.s

end 00000062

Symbol: end
   Definitions
      At line 203 in file startup.s
   Uses
      At line 188 in file startup.s
      At line 200 in file startup.s

next1 00000048

Symbol: next1
   Definitions
      At line 190 in file startup.s
   Uses
      At line 186 in file startup.s
Comment: next1 used once
next2 00000060

Symbol: next2
   Definitions
      At line 201 in file startup.s
   Uses
      At line 192 in file startup.s
Comment: next2 used once
squareroot 00000050

Symbol: squareroot
   Definitions
      At line 194 in file startup.s
   Uses
      At line 198 in file startup.s
Comment: squareroot used once
51 symbols



ARM Macro Assembler    Page 1 Alphabetic symbol ordering
Absolute symbols

Heap_Size 00000000

Symbol: Heap_Size
   Definitions
      At line 43 in file startup.s
   Uses
      At line 47 in file startup.s
Comment: Heap_Size used once
Stack_Size 00000200

Symbol: Stack_Size
   Definitions
      At line 31 in file startup.s
   Uses
      At line 34 in file startup.s
      At line 35 in file startup.s

2 symbols
402 symbols in table
